<?xml version="1.0" encoding="UTF-8"?>
<!-- Generated by org.testng.reporters.JUnitReportReporter -->
<testsuite hostname="DESKTOP-Q0I5UED" failures="0" tests="2" name="packagebatch12.TestNG" time="1.805" errors="0" timestamp="2024-04-27T13:01:52 BDT" skipped="0">
  <testcase classname="packagebatch12.TestNG" name="login" time="0.805"/>
  <system-out/>
  <testcase classname="packagebatch12.TestNG" name="page1" time="1.000"/>
  <system-out/>
</testsuite> <!-- packagebatch12.TestNG -->
